[NotebookApp | WARNING] No nbgrader_config.py file found (rerun with --debug to see where nbgrader is looking)
[NotebookApp | INFO] Loading the validate_assignment nbgrader serverextension
[NotebookApp | INFO] Serving notebooks from local directory: /Users/jbaggett/Dropbox/baggett_work/DSUWL_github/DS775v2/Homework/Project 02 Homework
[NotebookApp | INFO] The Jupyter Notebook is running at:
[NotebookApp | INFO] http://localhost:8888/?token=df55163dfd5c8d5c2a2ad62c036bb24097a05f37bd1b87d9
[NotebookApp | INFO] Use Control-C to stop this server and shut down all kernels (twice to skip confirmation).
[NotebookApp | CRITICAL] 
    
    To access the notebook, open this file in a browser:
        file:///Users/jbaggett/Library/Jupyter/runtime/nbserver-41302-open.html
    Or copy and paste one of these URLs:
        http://localhost:8888/?token=df55163dfd5c8d5c2a2ad62c036bb24097a05f37bd1b87d9
[NotebookApp | INFO] Kernel started: 02bff13c-58d1-48d7-9221-55b5f1387ead
[NotebookApp | INFO] Adapting to protocol v5.1 for kernel 02bff13c-58d1-48d7-9221-55b5f1387ead
[NotebookApp | INFO] Saving file at /Project_2_Report.ipynb
[NotebookApp | INFO] Starting buffering for 02bff13c-58d1-48d7-9221-55b5f1387ead:cead19c714e94d1e8d6ae41d2afd4018
[NotebookApp | INFO] Adapting to protocol v5.1 for kernel 02bff13c-58d1-48d7-9221-55b5f1387ead
[NotebookApp | INFO] Restoring connection for 02bff13c-58d1-48d7-9221-55b5f1387ead:cead19c714e94d1e8d6ae41d2afd4018
[NotebookApp | INFO] Shutting down on /api/shutdown request.
[NotebookApp | INFO] Shutting down 1 kernel
[NotebookApp | INFO] Kernel shutdown: 02bff13c-58d1-48d7-9221-55b5f1387ead
